<?xml version="1.0" encoding="UTF-8"?>
<!-- Generated by org.testng.reporters.JUnitXMLReporter -->
<testsuite hostname="LENOVO-24D228IG" ignored="0" name="Default test" tests="4" failures="0" timestamp="2021-09-28T20:35:19 CDT" time="14.304" errors="0">
  <testcase name="agregarProducto" time="4.435" classname="com.sapiensAcademy.ProyectoFinal.Proyecto"/>
  <testcase name="borrarElemento" time="2.288" classname="com.sapiensAcademy.ProyectoFinal.Proyecto"/>
  <testcase name="agregarVarios" time="6.252" classname="com.sapiensAcademy.ProyectoFinal.Proyecto"/>
  <testcase name="validarCarrito" time="1.25" classname="com.sapiensAcademy.ProyectoFinal.Proyecto"/>
</testsuite> <!-- Default test -->
